<?xml version="1.0" encoding="UTF-8"?>
<!-- Generated by org.testng.reporters.JUnitReportReporter -->
<testsuite hostname="DESKTOP-3I5C8GM" failures="0" tests="3" name="com.logintest.TestClass_Signup" time="5.429" errors="0" timestamp="2023-09-05T13:27:00 IST" skipped="0">
  <testcase classname="com.logintest.TestClass_Signup" name="ClickonSignuplink" time="2.214"/>
  <testcase classname="com.logintest.TestClass_Signup" name="VerifySignupFnctionality" time="3.061"/>
  <testcase classname="com.logintest.TestClass_Signup" name="verifyOtpverification" time="0.154"/>
</testsuite> <!-- com.logintest.TestClass_Signup -->
